<?xml version="1.0" encoding="UTF-8"?>
<testsuite xmlns:xsi="http://www.w3.org/2001/XMLSchema-instance" xsi:noNamespaceSchemaLocation="https://maven.apache.org/surefire/maven-surefire-plugin/xsd/surefire-test-report-3.0.xsd" version="3.0" name="bot.telegramm.TelegrammApplicationTests" time="6.106" tests="1" errors="0" skipped="0" failures="0">
  <properties>
[...]
</properties>
  <testcase name="contextLoads" classname="bot.telegramm.TelegrammApplicationTests" time="0.623">
    <system-out><![CDATA[00:18:46.745 [main] INFO org.springframework.test.context.support.AnnotationConfigContextLoaderUtils -- Could not detect default configuration classes for test class [bot.telegramm.TelegrammApplicationTests]: TelegrammApplicationTests does not declare any static, non-private, non-final, nested classes annotated with @Configuration.
00:18:46.840 [main] INFO org.springframework.boot.test.context.SpringBootTestContextBootstrapper -- Found @SpringBootConfiguration bot.telegramm.TelegrammApplication for test class bot.telegramm.TelegrammApplicationTests
00:18:46.989 [main] INFO org.springframework.boot.devtools.restart.RestartApplicationListener -- Restart disabled due to context in which it is running

  .   ____          _            __ _ _
 /\\ / ___'_ __ _ _(_)_ __  __ _ \ \ \ \
( ( )\___ | '_ | '_| | '_ \/ _` | \ \ \ \
 \\/  ___)| |_)| | | | | || (_| |  ) ) ) )
  '  |____| .__|_| |_|_| |_\__, | / / / /
 =========|_|==============|___/=/_/_/_/
 :: Spring Boot ::                (v3.2.0)

2023-11-27 00:18:47 - 

Found multiple occurrences of org.json.JSONObject on the class path:

	jar:file:/C:/Users/user/.m2/repository/com/vaadin/external/google/android-json/0.0.20131108.vaadin1/android-json-0.0.20131108.vaadin1.jar!/org/json/JSONObject.class
	jar:file:/C:/Users/user/.m2/repository/org/json/json/20180813/json-20180813.jar!/org/json/JSONObject.class

You may wish to exclude one of them to ensure predictable runtime behavior

2023-11-27 00:18:47 - Starting TelegrammApplicationTests using Java 21.0.1 with PID 10040 (started by user in D:\telegrambot\evening26.11.23)
2023-11-27 00:18:47 - No active profile set, falling back to 1 default profile: "default"
2023-11-27 00:18:47 - Bootstrapping Spring Data JPA repositories in DEFAULT mode.
2023-11-27 00:18:48 - Finished Spring Data repository scanning in 38 ms. Found 1 JPA repository interface.
2023-11-27 00:18:48 - HHH000204: Processing PersistenceUnitInfo [name: default]
2023-11-27 00:18:48 - HHH000412: Hibernate ORM core version 6.3.1.Final
2023-11-27 00:18:48 - HHH000026: Second-level cache disabled
2023-11-27 00:18:48 - No LoadTimeWeaver setup: ignoring JPA class transformer
2023-11-27 00:18:48 - HikariPool-1 - Starting...
2023-11-27 00:18:49 - HikariPool-1 - Added connection org.postgresql.jdbc.PgConnection@5ce3409b
2023-11-27 00:18:49 - HikariPool-1 - Start completed.
2023-11-27 00:18:50 - HHH000489: No JTA platform available (set 'hibernate.transaction.jta.platform' to enable JTA platform integration)
2023-11-27 00:18:50 - Initialized JPA EntityManagerFactory for persistence unit 'default'
2023-11-27 00:18:50 - Hibernate is in classpath; If applicable, HQL parser will be used.
2023-11-27 00:18:51 - spring.jpa.open-in-view is enabled by default. Therefore, database queries may be performed during view rendering. Explicitly configure spring.jpa.open-in-view to disable this warning
2023-11-27 00:18:52 - Started TelegrammApplicationTests in 5.051 seconds (process running for 5.964)
]]></system-out>
    <system-err><![CDATA[WARNING: A Java agent has been loaded dynamically (C:\Users\user\.m2\repository\net\bytebuddy\byte-buddy-agent\1.14.10\byte-buddy-agent-1.14.10.jar)
WARNING: If a serviceability tool is in use, please run with -XX:+EnableDynamicAgentLoading to hide this warning
WARNING: If a serviceability tool is not in use, please run with -Djdk.instrument.traceUsage for more information
WARNING: Dynamic loading of agents will be disallowed by default in a future release
]]></system-err>
  </testcase>
</testsuite>